<?xml version="1.0" encoding="UTF-8"?>
<!-- Generated by org.testng.reporters.JUnitReportReporter -->
<testsuite hostname="Kishores-MacBook-Air.local" failures="0" tests="3" name="cucumberOptions.TestRunner" time="70.982" errors="0" timestamp="2021-12-11T22:04:10 IST" skipped="0">
  <testcase classname="cucumberOptions.TestRunner" name="runScenario" time="12.650"/>
  <system-out/>
  <testcase classname="cucumberOptions.TestRunner" name="runScenario" time="45.726"/>
  <system-out/>
  <testcase classname="cucumberOptions.TestRunner" name="runScenario" time="12.606"/>
  <system-out/>
</testsuite> <!-- cucumberOptions.TestRunner -->
